c:\users\oleg\desktop\ags\f\x64\release\vc141.pdb
c:\users\oleg\desktop\ags\f\x64\release\simple.obj
c:\users\oleg\desktop\ags\f\x64\release\piyavka.obj
c:\users\oleg\desktop\ags\f\x64\release\solve.obj
c:\users\oleg\desktop\ags\f\x64\release\strongin.obj
c:\users\oleg\desktop\ags\f\x64\release\mas.obj
c:\users\oleg\desktop\ags\f\x64\release\formagp.obj
c:\users\oleg\desktop\ags\f\x64\release\.netframework,version=v4.6.1.assemblyattributes.obj
c:\users\oleg\desktop\ags\f\x64\release\.netframework,version=v4.6.1.assemblyattributes.asm
c:\users\oleg\desktop\ags\f\x64\release\f.formagp.resources
c:\users\oleg\desktop\ags\x64\release\f.exe
c:\users\oleg\desktop\ags\x64\release\f.pdb
c:\users\oleg\desktop\ags\f\x64\release\f.vcxproj.generateresource.cache
c:\users\oleg\desktop\ags\f\x64\release\f.tlog\cl.command.1.tlog
c:\users\oleg\desktop\ags\f\x64\release\f.tlog\cl.read.1.tlog
c:\users\oleg\desktop\ags\f\x64\release\f.tlog\cl.write.1.tlog
c:\users\oleg\desktop\ags\f\x64\release\f.tlog\f.write.1u.tlog
c:\users\oleg\desktop\ags\f\x64\release\f.tlog\link.command.1.tlog
c:\users\oleg\desktop\ags\f\x64\release\f.tlog\link.read.1.tlog
c:\users\oleg\desktop\ags\f\x64\release\f.tlog\link.write.1.tlog
c:\users\oleg\desktop\ags\f\x64\release\f.tlog\metagen.read.1.tlog
c:\users\oleg\desktop\ags\f\x64\release\f.tlog\metagen.write.1.tlog
c:\users\oleg\desktop\ags\f\x64\release\f.tlog\tzres.dll.bi
